<?xml version="1.0" encoding="UTF-8"?>
<!-- Generated by org.testng.reporters.JUnitReportReporter -->
<testsuite hostname="PRATIKSHA-07" failures="0" tests="1" name="coverFox_TestNG_Text.CF_TC01_Validate_Error_message" time="19.094" errors="0" timestamp="2024-01-11T08:26:08 IST" skipped="0">
  <testcase classname="coverFox_TestNG_Text.CF_TC01_Validate_Error_message" name="validate_error_message" time="19.094">
    <system-out>
      <![CDATA[validating Pincode error message
Tc will passed]]>
    </system-out>
  </testcase> <!-- validate_error_message -->
  <system-out>
    <![CDATA[Launching Browser
opening Browser
Clicking on gender button
Clicking on next button
Handling age drop down
Reading data from Excel sheet
Clicking on next button
Entering Mob no
Reading data from Excel sheet
Clicking on continue button
validating Pincode error message
Tc will passed
closing browser
Closing Browser
Launching Browser
Clicking on gender button
Clicking on next button
Handling age drop down
Reading data from Excel sheet
Clicking on next button
Entering Pincode
Reading data from Excel sheet
Entering Mob no
Reading data from Excel sheet
Clicking on continue button
Fetching number of results from text
Fetching number of results from Banners
TC is Passed
Taking Screenshot
Saved Screenshot atC:\Software_T\SeleniumScreenshot\coverFoxCF_TC012024.01.11.08.25.56.png
closing browser
Closing Browser]]>
  </system-out>
</testsuite> <!-- coverFox_TestNG_Text.CF_TC01_Validate_Error_message -->
